[23:12:20] [Server thread/INFO]: Starting minecraft server version 1.12.2
[23:12:20] [Server thread/INFO]: Loading properties
[23:12:20] [Server console handler/ERROR]: Exception handling console input
java.io.IOException: ???????? ??????????
	at java.io.FileInputStream.readBytes(Native Method) ~[?:1.8.0_45]
	at java.io.FileInputStream.read(Unknown Source) ~[?:1.8.0_45]
	at java.io.BufferedInputStream.fill(Unknown Source) ~[?:1.8.0_45]
	at java.io.BufferedInputStream.read(Unknown Source) ~[?:1.8.0_45]
	at org.bukkit.craftbukkit.libs.jline.internal.NonBlockingInputStream.read(NonBlockingInputStream.java:248) ~[spigot-1.12.2-r0.1-snapshot-b1581.jar:git-Spigot-9b8bba4-bdcc7c7]
	at org.bukkit.craftbukkit.libs.jline.internal.InputStreamReader.read(InputStreamReader.java:261) ~[spigot-1.12.2-r0.1-snapshot-b1581.jar:git-Spigot-9b8bba4-bdcc7c7]
	at org.bukkit.craftbukkit.libs.jline.internal.InputStreamReader.read(InputStreamReader.java:198) ~[spigot-1.12.2-r0.1-snapshot-b1581.jar:git-Spigot-9b8bba4-bdcc7c7]
	at org.bukkit.craftbukkit.libs.jline.console.ConsoleReader.readCharacter(ConsoleReader.java:2145) ~[spigot-1.12.2-r0.1-snapshot-b1581.jar:git-Spigot-9b8bba4-bdcc7c7]
	at org.bukkit.craftbukkit.libs.jline.console.ConsoleReader.readLineSimple(ConsoleReader.java:3183) ~[spigot-1.12.2-r0.1-snapshot-b1581.jar:git-Spigot-9b8bba4-bdcc7c7]
	at org.bukkit.craftbukkit.libs.jline.console.ConsoleReader.readLine(ConsoleReader.java:2333) ~[spigot-1.12.2-r0.1-snapshot-b1581.jar:git-Spigot-9b8bba4-bdcc7c7]
	at org.bukkit.craftbukkit.libs.jline.console.ConsoleReader.readLine(ConsoleReader.java:2269) ~[spigot-1.12.2-r0.1-snapshot-b1581.jar:git-Spigot-9b8bba4-bdcc7c7]
	at org.bukkit.craftbukkit.libs.jline.console.ConsoleReader.readLine(ConsoleReader.java:2257) ~[spigot-1.12.2-r0.1-snapshot-b1581.jar:git-Spigot-9b8bba4-bdcc7c7]
	at net.minecraft.server.v1_12_R1.DedicatedServer$2.run(DedicatedServer.java:87) [spigot-1.12.2-r0.1-snapshot-b1581.jar:git-Spigot-9b8bba4-bdcc7c7]
[23:12:20] [Server thread/INFO]: Default game type: SURVIVAL
[23:12:21] [Server thread/INFO]: This server is running CraftBukkit version git-Spigot-9b8bba4-bdcc7c7 (MC: 1.12.2) (Implementing API version 1.12.2-R0.1-SNAPSHOT)
[23:12:21] [Server thread/INFO]: Debug logging is disabled
[23:12:21] [Server thread/INFO]: Server Ping Player Sample Count: 12
[23:12:21] [Server thread/INFO]: Using 4 threads for Netty based IO
[23:12:22] [Server thread/INFO]: Generating keypair
[23:12:22] [Server thread/INFO]: Starting Minecraft server on *:25565
[23:12:22] [Server thread/INFO]: Using default channel type
[23:12:23] [Server thread/INFO]: **** Beginning UUID conversion, this may take A LONG time ****
[23:12:23] [Server thread/INFO]: Preparing level "world"
[23:12:23] [Server thread/INFO]: -------- World Settings For [world] --------
[23:12:23] [Server thread/INFO]: Entity Tracking Range: Pl 48 / An 48 / Mo 48 / Mi 32 / Other 64
[23:12:23] [Server thread/INFO]: Random Lighting Updates: false
[23:12:23] [Server thread/INFO]: Structure Info Saving: true
[23:12:23] [Server thread/INFO]: Hopper Transfer: 8 Hopper Check: 1 Hopper Amount: 1
[23:12:23] [Server thread/INFO]: Max TNT Explosions: 100
[23:12:23] [Server thread/INFO]: Entity Activation Range: An 32 / Mo 32 / Mi 16
[23:12:23] [Server thread/INFO]: Tile Max Tick Time: 50ms Entity max Tick Time: 50ms
[23:12:23] [Server thread/INFO]: Mob Spawn Range: 4
[23:12:23] [Server thread/INFO]: Cactus Growth Modifier: 100%
[23:12:23] [Server thread/INFO]: Cane Growth Modifier: 100%
[23:12:23] [Server thread/INFO]: Melon Growth Modifier: 100%
[23:12:23] [Server thread/INFO]: Mushroom Growth Modifier: 100%
[23:12:23] [Server thread/INFO]: Pumpkin Growth Modifier: 100%
[23:12:23] [Server thread/INFO]: Sapling Growth Modifier: 100%
[23:12:23] [Server thread/INFO]: Wheat Growth Modifier: 100%
[23:12:23] [Server thread/INFO]: NetherWart Growth Modifier: 100%
[23:12:23] [Server thread/INFO]: Vine Growth Modifier: 100%
[23:12:23] [Server thread/INFO]: Cocoa Growth Modifier: 100%
[23:12:23] [Server thread/INFO]: Item Merge Radius: 2.5
[23:12:23] [Server thread/INFO]: Item Despawn Rate: 6000
[23:12:23] [Server thread/INFO]: View Distance: 10
[23:12:23] [Server thread/INFO]: Arrow Despawn Rate: 1200
[23:12:23] [Server thread/INFO]: Allow Zombie Pigmen to spawn from portal blocks: true
[23:12:23] [Server thread/INFO]: Experience Merge Radius: 3.0
[23:12:23] [Server thread/INFO]: Nerfing mobs spawned from spawners: false
[23:12:23] [Server thread/INFO]: Zombie Aggressive Towards Villager: true
[23:12:23] [Server thread/INFO]: Custom Map Seeds:  Village: 10387312 Feature: 14357617 Monument: 10387313 Slime: 987234911
[23:12:28] [Server thread/INFO]: -------- World Settings For [world_nether] --------
[23:12:28] [Server thread/INFO]: Entity Tracking Range: Pl 48 / An 48 / Mo 48 / Mi 32 / Other 64
[23:12:28] [Server thread/INFO]: Random Lighting Updates: false
[23:12:28] [Server thread/INFO]: Structure Info Saving: true
[23:12:28] [Server thread/INFO]: Hopper Transfer: 8 Hopper Check: 1 Hopper Amount: 1
[23:12:28] [Server thread/INFO]: Max TNT Explosions: 100
[23:12:28] [Server thread/INFO]: Entity Activation Range: An 32 / Mo 32 / Mi 16
[23:12:28] [Server thread/INFO]: Tile Max Tick Time: 50ms Entity max Tick Time: 50ms
[23:12:28] [Server thread/INFO]: Mob Spawn Range: 4
[23:12:28] [Server thread/INFO]: Cactus Growth Modifier: 100%
[23:12:28] [Server thread/INFO]: Cane Growth Modifier: 100%
[23:12:28] [Server thread/INFO]: Melon Growth Modifier: 100%
[23:12:28] [Server thread/INFO]: Mushroom Growth Modifier: 100%
[23:12:28] [Server thread/INFO]: Pumpkin Growth Modifier: 100%
[23:12:28] [Server thread/INFO]: Sapling Growth Modifier: 100%
[23:12:28] [Server thread/INFO]: Wheat Growth Modifier: 100%
[23:12:28] [Server thread/INFO]: NetherWart Growth Modifier: 100%
[23:12:28] [Server thread/INFO]: Vine Growth Modifier: 100%
[23:12:28] [Server thread/INFO]: Cocoa Growth Modifier: 100%
[23:12:28] [Server thread/INFO]: Item Merge Radius: 2.5
[23:12:28] [Server thread/INFO]: Item Despawn Rate: 6000
[23:12:28] [Server thread/INFO]: View Distance: 10
[23:12:28] [Server thread/INFO]: Arrow Despawn Rate: 1200
[23:12:28] [Server thread/INFO]: Allow Zombie Pigmen to spawn from portal blocks: true
[23:12:28] [Server thread/INFO]: Experience Merge Radius: 3.0
[23:12:28] [Server thread/INFO]: Nerfing mobs spawned from spawners: false
[23:12:28] [Server thread/INFO]: Zombie Aggressive Towards Villager: true
[23:12:28] [Server thread/INFO]: Custom Map Seeds:  Village: 10387312 Feature: 14357617 Monument: 10387313 Slime: 987234911
[23:12:28] [Server thread/INFO]: -------- World Settings For [world_the_end] --------
[23:12:28] [Server thread/INFO]: Entity Tracking Range: Pl 48 / An 48 / Mo 48 / Mi 32 / Other 64
[23:12:28] [Server thread/INFO]: Random Lighting Updates: false
[23:12:28] [Server thread/INFO]: Structure Info Saving: true
[23:12:28] [Server thread/INFO]: Hopper Transfer: 8 Hopper Check: 1 Hopper Amount: 1
[23:12:28] [Server thread/INFO]: Max TNT Explosions: 100
[23:12:28] [Server thread/INFO]: Entity Activation Range: An 32 / Mo 32 / Mi 16
[23:12:28] [Server thread/INFO]: Tile Max Tick Time: 50ms Entity max Tick Time: 50ms
[23:12:28] [Server thread/INFO]: Mob Spawn Range: 4
[23:12:28] [Server thread/INFO]: Cactus Growth Modifier: 100%
[23:12:28] [Server thread/INFO]: Cane Growth Modifier: 100%
[23:12:28] [Server thread/INFO]: Melon Growth Modifier: 100%
[23:12:28] [Server thread/INFO]: Mushroom Growth Modifier: 100%
[23:12:28] [Server thread/INFO]: Pumpkin Growth Modifier: 100%
[23:12:28] [Server thread/INFO]: Sapling Growth Modifier: 100%
[23:12:28] [Server thread/INFO]: Wheat Growth Modifier: 100%
[23:12:28] [Server thread/INFO]: NetherWart Growth Modifier: 100%
[23:12:28] [Server thread/INFO]: Vine Growth Modifier: 100%
[23:12:28] [Server thread/INFO]: Cocoa Growth Modifier: 100%
[23:12:28] [Server thread/INFO]: Item Merge Radius: 2.5
[23:12:28] [Server thread/INFO]: Item Despawn Rate: 6000
[23:12:28] [Server thread/INFO]: View Distance: 10
[23:12:28] [Server thread/INFO]: Arrow Despawn Rate: 1200
[23:12:28] [Server thread/INFO]: Allow Zombie Pigmen to spawn from portal blocks: true
[23:12:28] [Server thread/INFO]: Experience Merge Radius: 3.0
[23:12:28] [Server thread/INFO]: Nerfing mobs spawned from spawners: false
[23:12:28] [Server thread/INFO]: Zombie Aggressive Towards Villager: true
[23:12:28] [Server thread/INFO]: Custom Map Seeds:  Village: 10387312 Feature: 14357617 Monument: 10387313 Slime: 987234911
[23:12:29] [Server thread/INFO]: Preparing start region for level 0 (Seed: -5289785530126995994)
[23:12:30] [Server thread/INFO]: Preparing spawn area: 3%
[23:12:32] [Server thread/INFO]: Preparing spawn area: 4%
[23:12:33] [Server thread/INFO]: Preparing spawn area: 6%
[23:12:34] [Server thread/INFO]: Preparing spawn area: 9%
[23:12:35] [Server thread/INFO]: Preparing spawn area: 11%
[23:12:36] [Server thread/INFO]: Preparing spawn area: 12%
[23:12:37] [Server thread/INFO]: Preparing spawn area: 14%
[23:12:38] [Server thread/INFO]: Preparing spawn area: 17%
[23:12:39] [Server thread/INFO]: Preparing spawn area: 20%
[23:12:40] [Server thread/INFO]: Preparing spawn area: 22%
[23:12:41] [Server thread/INFO]: Preparing spawn area: 24%
[23:12:42] [Server thread/INFO]: Preparing spawn area: 26%
[23:12:43] [Server thread/INFO]: Preparing spawn area: 30%
[23:12:44] [Server thread/INFO]: Preparing spawn area: 33%
[23:12:45] [Server thread/INFO]: Preparing spawn area: 37%
[23:12:46] [Server thread/INFO]: Preparing spawn area: 41%
[23:12:47] [Server thread/INFO]: Preparing spawn area: 47%
[23:12:48] [Server thread/INFO]: Preparing spawn area: 53%
[23:12:49] [Server thread/INFO]: Preparing spawn area: 57%
[23:12:50] [Server thread/INFO]: Preparing spawn area: 62%
[23:12:51] [Server thread/INFO]: Preparing spawn area: 65%
